<?xml version="1.0" encoding="UTF-8"?>
<robot generator="Robot 4.1 (Python 3.9.5 on win32)" generated="20210819 19:56:39.124" rpa="false" schemaversion="2">
<suite id="s1" name="Features" source="C:\Users\galea\OneDrive\Área de Trabalho\treinamentoSIS\webautomacion\test\features">
<suite id="s1-s1" name="Login" source="C:\Users\galea\OneDrive\Área de Trabalho\treinamentoSIS\webautomacion\test\features\login.robot">
<test id="s1-s1-t1" name="Cenario: Login com sucesso">
<kw name="Abrir sessão" library="setup" type="SETUP">
<kw name="Open Browser" library="SeleniumLibrary">
<arg>${CONFIG.URL}</arg>
<arg>${CONFIG.NAVEGADOR}</arg>
<doc>Opens a new browser instance to the optional ``url``.</doc>
<msg timestamp="20210819 19:56:39.677" level="INFO">Opening browser 'headlesschrome' to base url 'http://automationpractice.com/index.php'.</msg>
<status status="PASS" starttime="20210819 19:56:39.675" endtime="20210819 19:56:47.785"/>
</kw>
<kw name="Maximize Browser Window" library="SeleniumLibrary">
<doc>Maximizes current browser window.</doc>
<status status="PASS" starttime="20210819 19:56:47.785" endtime="20210819 19:56:47.916"/>
</kw>
<kw name="Set Selenium Timeout" library="SeleniumLibrary">
<arg>${CONFIG.TIMEOUT}</arg>
<doc>Sets the timeout that is used by various keywords.</doc>
<status status="PASS" starttime="20210819 19:56:47.916" endtime="20210819 19:56:47.920"/>
</kw>
<status status="PASS" starttime="20210819 19:56:39.674" endtime="20210819 19:56:47.921"/>
</kw>
<kw name="Dado que o cliente esteja na tela inicial da aplicação" library="home_kws">
<kw name="Wait Until Element Is Visible" library="SeleniumLibrary">
<arg>${HOME.BTN_SIGNIN}</arg>
<doc>Waits until the element ``locator`` is visible.</doc>
<status status="PASS" starttime="20210819 19:56:47.924" endtime="20210819 19:56:47.966"/>
</kw>
<status status="PASS" starttime="20210819 19:56:47.923" endtime="20210819 19:56:47.966"/>
</kw>
<kw name="E acessar a tela de login" library="home_kws">
<kw name="Click Element" library="SeleniumLibrary">
<arg>${HOME.BTN_SIGNIN}</arg>
<doc>Click the element identified by ``locator``.</doc>
<msg timestamp="20210819 19:56:47.969" level="INFO">Clicking element 'xpath://a[@class='login']'.</msg>
<status status="PASS" starttime="20210819 19:56:47.968" endtime="20210819 19:56:49.001"/>
</kw>
<status status="PASS" starttime="20210819 19:56:47.967" endtime="20210819 19:56:49.002"/>
</kw>
<kw name="Quando inserir os dados de login" library="login_kws">
<arg>${MASSA_DADOS.LOGIN.EMAIL}</arg>
<arg>${MASSA_DADOS.LOGIN.SENHA}</arg>
<kw name="Wait Until Element Is Visible" library="SeleniumLibrary">
<arg>${LOGIN.INPUT_EMAIL}</arg>
<doc>Waits until the element ``locator`` is visible.</doc>
<status status="PASS" starttime="20210819 19:56:49.010" endtime="20210819 19:56:49.729"/>
</kw>
<kw name="Input Text" library="SeleniumLibrary">
<arg>${LOGIN.INPUT_EMAIL}</arg>
<arg>${EMAIL}</arg>
<doc>Types the given ``text`` into the text field identified by ``locator``.</doc>
<msg timestamp="20210819 19:56:49.731" level="INFO">Typing text 'galeazigabi1@teste.com' into text field 'id:email'.</msg>
<status status="PASS" starttime="20210819 19:56:49.729" endtime="20210819 19:56:49.887"/>
</kw>
<kw name="Input Text" library="SeleniumLibrary">
<arg>${LOGIN.INPUT_SENHA}</arg>
<arg>${SENHA}</arg>
<doc>Types the given ``text`` into the text field identified by ``locator``.</doc>
<msg timestamp="20210819 19:56:49.888" level="INFO">Typing text 'Semprerico@1997' into text field 'id:passwd'.</msg>
<status status="PASS" starttime="20210819 19:56:49.887" endtime="20210819 19:56:50.029"/>
</kw>
<status status="PASS" starttime="20210819 19:56:49.005" endtime="20210819 19:56:50.029"/>
</kw>
<kw name="E clicar no elemento" library="common_kws">
<arg>${LOGIN.BTN_SIGNIN}</arg>
<kw name="Wait Until Element Is Visible" library="SeleniumLibrary">
<arg>${ELEMENTO}</arg>
<doc>Waits until the element ``locator`` is visible.</doc>
<status status="PASS" starttime="20210819 19:56:50.031" endtime="20210819 19:56:50.065"/>
</kw>
<kw name="Click Element" library="SeleniumLibrary">
<arg>${ELEMENTO}</arg>
<doc>Click the element identified by ``locator``.</doc>
<msg timestamp="20210819 19:56:50.065" level="INFO">Clicking element 'id:SubmitLogin'.</msg>
<status status="PASS" starttime="20210819 19:56:50.065" endtime="20210819 19:56:51.464"/>
</kw>
<status status="PASS" starttime="20210819 19:56:50.030" endtime="20210819 19:56:51.464"/>
</kw>
<kw name="Então deve visualizar a tela de My Account" library="minha_conta_kws">
<kw name="Wait Until Element Is Visible" library="SeleniumLibrary">
<arg>${MINHA_CONTA.TITULO}</arg>
<doc>Waits until the element ``locator`` is visible.</doc>
<status status="PASS" starttime="20210819 19:56:51.465" endtime="20210819 19:56:51.501"/>
</kw>
<kw name="Get Text" library="SeleniumLibrary">
<var>${TITULO_ATUAL}</var>
<arg>${MINHA_CONTA.TITULO}</arg>
<doc>Returns the text value of the element identified by ``locator``.</doc>
<msg timestamp="20210819 19:56:51.528" level="INFO">${TITULO_ATUAL} = MY ACCOUNT</msg>
<status status="PASS" starttime="20210819 19:56:51.501" endtime="20210819 19:56:51.528"/>
</kw>
<kw name="Should Be Equal" library="BuiltIn">
<arg>${TITULO_ATUAL}</arg>
<arg>MY ACCOUNT</arg>
<doc>Fails if the given objects are unequal.</doc>
<status status="PASS" starttime="20210819 19:56:51.528" endtime="20210819 19:56:51.529"/>
</kw>
<kw name="Close Browser" library="SeleniumLibrary">
<doc>Closes the current browser.</doc>
<status status="PASS" starttime="20210819 19:56:51.529" endtime="20210819 19:56:53.611"/>
</kw>
<status status="PASS" starttime="20210819 19:56:51.465" endtime="20210819 19:56:53.611"/>
</kw>
<kw name="Encerrar sessão" library="setup" type="TEARDOWN">
<kw name="Capture Page Screenshot" library="SeleniumLibrary">
<doc>Takes a screenshot of the current page and embeds it into a log file.</doc>
<msg timestamp="20210819 19:56:53.613" level="INFO">Cannot capture screenshot because no browser is open.</msg>
<status status="PASS" starttime="20210819 19:56:53.613" endtime="20210819 19:56:53.613"/>
</kw>
<kw name="Close Browser" library="SeleniumLibrary">
<doc>Closes the current browser.</doc>
<status status="PASS" starttime="20210819 19:56:53.614" endtime="20210819 19:56:53.614"/>
</kw>
<status status="PASS" starttime="20210819 19:56:53.612" endtime="20210819 19:56:53.614"/>
</kw>
<tag>LOGIN</tag>
<tag>POSITIVO</tag>
<status status="PASS" starttime="20210819 19:56:39.667" endtime="20210819 19:56:53.614"/>
</test>
<test id="s1-s1-t2" name="Cenario: Login com credenciais inválidos">
<kw name="Abrir sessão" library="setup" type="SETUP">
<kw name="Open Browser" library="SeleniumLibrary">
<arg>${CONFIG.URL}</arg>
<arg>${CONFIG.NAVEGADOR}</arg>
<doc>Opens a new browser instance to the optional ``url``.</doc>
<msg timestamp="20210819 19:56:53.621" level="INFO">Opening browser 'headlesschrome' to base url 'http://automationpractice.com/index.php'.</msg>
<status status="PASS" starttime="20210819 19:56:53.618" endtime="20210819 19:56:59.307"/>
</kw>
<kw name="Maximize Browser Window" library="SeleniumLibrary">
<doc>Maximizes current browser window.</doc>
<status status="PASS" starttime="20210819 19:56:59.307" endtime="20210819 19:56:59.420"/>
</kw>
<kw name="Set Selenium Timeout" library="SeleniumLibrary">
<arg>${CONFIG.TIMEOUT}</arg>
<doc>Sets the timeout that is used by various keywords.</doc>
<status status="PASS" starttime="20210819 19:56:59.420" endtime="20210819 19:56:59.423"/>
</kw>
<status status="PASS" starttime="20210819 19:56:53.618" endtime="20210819 19:56:59.424"/>
</kw>
<kw name="Dado que o cliente esteja na tela inicial da aplicação" library="home_kws">
<kw name="Wait Until Element Is Visible" library="SeleniumLibrary">
<arg>${HOME.BTN_SIGNIN}</arg>
<doc>Waits until the element ``locator`` is visible.</doc>
<status status="PASS" starttime="20210819 19:56:59.426" endtime="20210819 19:56:59.478"/>
</kw>
<status status="PASS" starttime="20210819 19:56:59.425" endtime="20210819 19:56:59.479"/>
</kw>
<kw name="E acessar a tela de login" library="home_kws">
<kw name="Click Element" library="SeleniumLibrary">
<arg>${HOME.BTN_SIGNIN}</arg>
<doc>Click the element identified by ``locator``.</doc>
<msg timestamp="20210819 19:56:59.484" level="INFO">Clicking element 'xpath://a[@class='login']'.</msg>
<status status="PASS" starttime="20210819 19:56:59.483" endtime="20210819 19:57:00.892"/>
</kw>
<status status="PASS" starttime="20210819 19:56:59.481" endtime="20210819 19:57:00.893"/>
</kw>
<kw name="Quando inserir os dados de login" library="login_kws">
<arg>${MASSA_DADOS.LOGIN_INVALIDO.EMAIL}</arg>
<arg>${MASSA_DADOS.LOGIN_INVALIDO.SENHA}</arg>
<kw name="Wait Until Element Is Visible" library="SeleniumLibrary">
<arg>${LOGIN.INPUT_EMAIL}</arg>
<doc>Waits until the element ``locator`` is visible.</doc>
<status status="PASS" starttime="20210819 19:57:00.901" endtime="20210819 19:57:01.674"/>
</kw>
<kw name="Input Text" library="SeleniumLibrary">
<arg>${LOGIN.INPUT_EMAIL}</arg>
<arg>${EMAIL}</arg>
<doc>Types the given ``text`` into the text field identified by ``locator``.</doc>
<msg timestamp="20210819 19:57:01.676" level="INFO">Typing text 'galeaziggggggg1@teste.com' into text field 'id:email'.</msg>
<status status="PASS" starttime="20210819 19:57:01.675" endtime="20210819 19:57:02.056"/>
</kw>
<kw name="Input Text" library="SeleniumLibrary">
<arg>${LOGIN.INPUT_SENHA}</arg>
<arg>${SENHA}</arg>
<doc>Types the given ``text`` into the text field identified by ``locator``.</doc>
<msg timestamp="20210819 19:57:02.057" level="INFO">Typing text 'SempreR$%E@97' into text field 'id:passwd'.</msg>
<status status="PASS" starttime="20210819 19:57:02.056" endtime="20210819 19:57:02.310"/>
</kw>
<status status="PASS" starttime="20210819 19:57:00.898" endtime="20210819 19:57:02.311"/>
</kw>
<kw name="E clicar no elemento" library="common_kws">
<arg>${LOGIN.BTN_SIGNIN}</arg>
<kw name="Wait Until Element Is Visible" library="SeleniumLibrary">
<arg>${ELEMENTO}</arg>
<doc>Waits until the element ``locator`` is visible.</doc>
<status status="PASS" starttime="20210819 19:57:02.316" endtime="20210819 19:57:02.346"/>
</kw>
<kw name="Click Element" library="SeleniumLibrary">
<arg>${ELEMENTO}</arg>
<doc>Click the element identified by ``locator``.</doc>
<msg timestamp="20210819 19:57:02.349" level="INFO">Clicking element 'id:SubmitLogin'.</msg>
<status status="PASS" starttime="20210819 19:57:02.346" endtime="20210819 19:57:03.338"/>
</kw>
<status status="PASS" starttime="20210819 19:57:02.313" endtime="20210819 19:57:03.338"/>
</kw>
<kw name="Então deve apresentar mensagem" library="common_kws">
<arg>${LOGIN.TXT_ERRO}</arg>
<arg>${MENSAGENS.LOGIN.AUTENTICATION_FAILED}</arg>
<kw name="Wait Until Element Is Visible" library="SeleniumLibrary">
<arg>${ELEMENTO}</arg>
<doc>Waits until the element ``locator`` is visible.</doc>
<status status="PASS" starttime="20210819 19:57:03.341" endtime="20210819 19:57:03.373"/>
</kw>
<kw name="Get Text" library="SeleniumLibrary">
<var>${MENSAGEM_ATUAL}</var>
<arg>${ELEMENTO}</arg>
<doc>Returns the text value of the element identified by ``locator``.</doc>
<msg timestamp="20210819 19:57:03.401" level="INFO">${MENSAGEM_ATUAL} = Authentication failed.</msg>
<status status="PASS" starttime="20210819 19:57:03.373" endtime="20210819 19:57:03.401"/>
</kw>
<kw name="Should Be Equal" library="BuiltIn">
<arg>${MENSAGEM_ATUAL}</arg>
<arg>${MENSAGEM_ESPERADA}</arg>
<doc>Fails if the given objects are unequal.</doc>
<status status="PASS" starttime="20210819 19:57:03.402" endtime="20210819 19:57:03.403"/>
</kw>
<status status="PASS" starttime="20210819 19:57:03.339" endtime="20210819 19:57:03.403"/>
</kw>
<kw name="Encerrar sessão" library="setup" type="TEARDOWN">
<kw name="Capture Page Screenshot" library="SeleniumLibrary">
<doc>Takes a screenshot of the current page and embeds it into a log file.</doc>
<msg timestamp="20210819 19:57:03.487" level="INFO" html="true">&lt;/td&gt;&lt;/tr&gt;&lt;tr&gt;&lt;td colspan="3"&gt;&lt;a href="selenium-screenshot-7.png"&gt;&lt;img src="selenium-screenshot-7.png" width="800px"&gt;&lt;/a&gt;</msg>
<status status="PASS" starttime="20210819 19:57:03.407" endtime="20210819 19:57:03.487"/>
</kw>
<kw name="Close Browser" library="SeleniumLibrary">
<doc>Closes the current browser.</doc>
<status status="PASS" starttime="20210819 19:57:03.487" endtime="20210819 19:57:05.614"/>
</kw>
<status status="PASS" starttime="20210819 19:57:03.406" endtime="20210819 19:57:05.616"/>
</kw>
<tag>LOGIN</tag>
<tag>NEGATIVO</tag>
<status status="PASS" starttime="20210819 19:56:53.616" endtime="20210819 19:57:05.619"/>
</test>
<doc>Cenarios de testes relacionado ao login da aplicação.</doc>
<status status="PASS" starttime="20210819 19:56:39.194" endtime="20210819 19:57:05.632"/>
</suite>
<status status="PASS" starttime="20210819 19:56:39.128" endtime="20210819 19:57:05.644"/>
</suite>
<statistics>
<total>
<stat pass="2" fail="0" skip="0">All Tests</stat>
</total>
<tag>
<stat pass="2" fail="0" skip="0">LOGIN</stat>
<stat pass="1" fail="0" skip="0">NEGATIVO</stat>
<stat pass="1" fail="0" skip="0">POSITIVO</stat>
</tag>
<suite>
<stat pass="2" fail="0" skip="0" id="s1" name="Features">Features</stat>
<stat pass="2" fail="0" skip="0" id="s1-s1" name="Login">Features.Login</stat>
</suite>
</statistics>
<errors>
<msg timestamp="20210819 19:56:39.622" level="ERROR">Error in file 'C:\Users\galea\OneDrive\Área de Trabalho\treinamentoSIS\webautomacion\src\auto\keywords\home_kws.robot' on line 4: Resource file '..\..\config\package.robot' does not exist.</msg>
<msg timestamp="20210819 19:56:39.627" level="ERROR">Error in file 'C:\Users\galea\OneDrive\Área de Trabalho\treinamentoSIS\webautomacion\src\auto\keywords\login_kws.robot' on line 4: Resource file '..\..\config\package.robot' does not exist.</msg>
<msg timestamp="20210819 19:56:39.633" level="ERROR">Error in file 'C:\Users\galea\OneDrive\Área de Trabalho\treinamentoSIS\webautomacion\src\auto\keywords\minha_conta_kws.robot' on line 4: Resource file '..\..\config\package.robot' does not exist.</msg>
<msg timestamp="20210819 19:56:39.645" level="ERROR">Error in file 'C:\Users\galea\OneDrive\Área de Trabalho\treinamentoSIS\webautomacion\src\auto\keywords\common_kws.robot' on line 4: Resource file '..\..\config\package.robot' does not exist.</msg>
</errors>
</robot>
