<?xml version="1.0" encoding="UTF-8"?>
<robot generator="Robot 4.1 (Python 3.9.5 on win32)" generated="20210817 19:35:50.381" rpa="false" schemaversion="2">
<suite id="s1" name="Login" source="C:\Users\galea\OneDrive\Área de Trabalho\treinamentoSIS\webautomacion\test\features\login.robot">
<test id="s1-t1" name="Cenario: Login com sucesso">
<kw name="Abrir sessão" library="setup" type="SETUP">
<kw name="Open Browser" library="SeleniumLibrary">
<arg>http://automationpractice.com/index.php</arg>
<arg>chrome</arg>
<doc>Opens a new browser instance to the optional ``url``.</doc>
<msg timestamp="20210817 19:35:51.034" level="INFO">Opening browser 'chrome' to base url 'http://automationpractice.com/index.php'.</msg>
<status status="PASS" starttime="20210817 19:35:51.033" endtime="20210817 19:35:57.847"/>
</kw>
<kw name="Maximize Browser Window" library="SeleniumLibrary">
<doc>Maximizes current browser window.</doc>
<status status="PASS" starttime="20210817 19:35:57.848" endtime="20210817 19:35:58.261"/>
</kw>
<kw name="Set Selenium Timeout" library="SeleniumLibrary">
<arg>60</arg>
<doc>Sets the timeout that is used by various keywords.</doc>
<status status="PASS" starttime="20210817 19:35:58.262" endtime="20210817 19:35:58.274"/>
</kw>
<status status="PASS" starttime="20210817 19:35:51.032" endtime="20210817 19:35:58.275"/>
</kw>
<kw name="Dado que o cliente esteja na tela inicial da aplicação" library="home_kws">
<kw name="Wait Until Element Is Visible" library="SeleniumLibrary">
<arg>${HOME.BTN_SIGNIN}</arg>
<doc>Waits until the element ``locator`` is visible.</doc>
<status status="PASS" starttime="20210817 19:35:58.277" endtime="20210817 19:35:58.346"/>
</kw>
<status status="PASS" starttime="20210817 19:35:58.276" endtime="20210817 19:35:58.347"/>
</kw>
<kw name="E acessar a tela de login" library="home_kws">
<kw name="Click Element" library="SeleniumLibrary">
<arg>${HOME.BTN_SIGNIN}</arg>
<doc>Click the element identified by ``locator``.</doc>
<msg timestamp="20210817 19:35:58.350" level="INFO">Clicking element 'xpath://a[@class='login']'.</msg>
<status status="PASS" starttime="20210817 19:35:58.348" endtime="20210817 19:36:00.670"/>
</kw>
<status status="PASS" starttime="20210817 19:35:58.347" endtime="20210817 19:36:00.671"/>
</kw>
<kw name="Quando realizar o login com sucesso" library="login_kws">
<kw name="Wait Until Element Is Visible" library="SeleniumLibrary">
<arg>${LOGIN.INPUT_EMAIL}</arg>
<doc>Waits until the element ``locator`` is visible.</doc>
<status status="PASS" starttime="20210817 19:36:00.674" endtime="20210817 19:36:00.732"/>
</kw>
<kw name="Input Text" library="SeleniumLibrary">
<arg>${LOGIN.INPUT_EMAIL}</arg>
<arg>galeazigabi1@teste.com</arg>
<doc>Types the given ``text`` into the text field identified by ``locator``.</doc>
<msg timestamp="20210817 19:36:00.733" level="INFO">Typing text 'galeazigabi1@teste.com' into text field 'id:email'.</msg>
<status status="PASS" starttime="20210817 19:36:00.732" endtime="20210817 19:36:00.924"/>
</kw>
<kw name="Input Text" library="SeleniumLibrary">
<arg>${LOGIN.INPUT_SENHA}</arg>
<arg>Semprerico@1997</arg>
<doc>Types the given ``text`` into the text field identified by ``locator``.</doc>
<msg timestamp="20210817 19:36:00.926" level="INFO">Typing text 'Semprerico@1997' into text field 'id:passwd'.</msg>
<status status="PASS" starttime="20210817 19:36:00.924" endtime="20210817 19:36:01.120"/>
</kw>
<kw name="Click Element" library="SeleniumLibrary">
<arg>${LOGIN.BTN_SIGNIN}</arg>
<doc>Click the element identified by ``locator``.</doc>
<msg timestamp="20210817 19:36:01.121" level="INFO">Clicking element 'id:SubmitLogin'.</msg>
<status status="PASS" starttime="20210817 19:36:01.120" endtime="20210817 19:36:02.492"/>
</kw>
<status status="PASS" starttime="20210817 19:36:00.673" endtime="20210817 19:36:02.493"/>
</kw>
<kw name="Então deve visualizar a tela de My Account" library="minha_conta_kws">
<kw name="Wait Until Element Is Visible" library="SeleniumLibrary">
<arg>${MINHA_CONTA.TITULO}</arg>
<doc>Waits until the element ``locator`` is visible.</doc>
<status status="PASS" starttime="20210817 19:36:02.495" endtime="20210817 19:36:02.544"/>
</kw>
<kw name="Get Text" library="SeleniumLibrary">
<var>${TITULO_ATUAL}</var>
<arg>${MINHA_CONTA.TITULO}</arg>
<doc>Returns the text value of the element identified by ``locator``.</doc>
<msg timestamp="20210817 19:36:02.576" level="INFO">${TITULO_ATUAL} = MY ACCOUNT</msg>
<status status="PASS" starttime="20210817 19:36:02.544" endtime="20210817 19:36:02.576"/>
</kw>
<kw name="Should Be Equal" library="BuiltIn">
<arg>${TITULO_ATUAL}</arg>
<arg>MY ACCOUNT</arg>
<doc>Fails if the given objects are unequal.</doc>
<status status="PASS" starttime="20210817 19:36:02.576" endtime="20210817 19:36:02.577"/>
</kw>
<kw name="Close Browser" library="SeleniumLibrary">
<doc>Closes the current browser.</doc>
<status status="PASS" starttime="20210817 19:36:02.577" endtime="20210817 19:36:05.037"/>
</kw>
<status status="PASS" starttime="20210817 19:36:02.494" endtime="20210817 19:36:05.037"/>
</kw>
<kw name="Encerrar sessão" library="setup" type="TEARDOWN">
<kw name="Capture Page Screenshot" library="SeleniumLibrary">
<doc>Takes a screenshot of the current page and embeds it into a log file.</doc>
<msg timestamp="20210817 19:36:05.039" level="INFO">Cannot capture screenshot because no browser is open.</msg>
<status status="PASS" starttime="20210817 19:36:05.039" endtime="20210817 19:36:05.040"/>
</kw>
<kw name="Close Browser" library="SeleniumLibrary">
<doc>Closes the current browser.</doc>
<status status="PASS" starttime="20210817 19:36:05.040" endtime="20210817 19:36:05.041"/>
</kw>
<status status="PASS" starttime="20210817 19:36:05.039" endtime="20210817 19:36:05.041"/>
</kw>
<status status="PASS" starttime="20210817 19:35:51.025" endtime="20210817 19:36:05.042"/>
</test>
<doc>Cenarios de testes relacionado ao login da aplicação.</doc>
<status status="PASS" starttime="20210817 19:35:50.383" endtime="20210817 19:36:05.046"/>
</suite>
<statistics>
<total>
<stat pass="1" fail="0" skip="0">All Tests</stat>
</total>
<tag>
</tag>
<suite>
<stat pass="1" fail="0" skip="0" id="s1" name="Login">Login</stat>
</suite>
</statistics>
<errors>
<msg timestamp="20210817 19:35:50.984" level="ERROR">Error in file 'C:\Users\galea\OneDrive\Área de Trabalho\treinamentoSIS\webautomacion\src\auto\keywords\home_kws.robot' on line 4: Resource file '..\..\config\package.robot' does not exist.</msg>
<msg timestamp="20210817 19:35:50.990" level="ERROR">Error in file 'C:\Users\galea\OneDrive\Área de Trabalho\treinamentoSIS\webautomacion\src\auto\keywords\login_kws.robot' on line 4: Resource file '..\..\config\package.robot' does not exist.</msg>
<msg timestamp="20210817 19:35:51.001" level="ERROR">Error in file 'C:\Users\galea\OneDrive\Área de Trabalho\treinamentoSIS\webautomacion\src\auto\keywords\minha_conta_kws.robot' on line 4: Resource file '..\..\config\package.robot' does not exist.</msg>
</errors>
</robot>
